{
  "RSpec": {
    "coverage": {
      "/Users/ippeinakamura/Desktop/PortFolio/taskManagementTool/app/helpers/application_helper.rb": {
        "lines": [
          1,
          null
        ]
      },
      "/Users/ippeinakamura/Desktop/PortFolio/taskManagementTool/app/helpers/events_helper.rb": {
        "lines": [
          1,
          null
        ]
      },
      "/Users/ippeinakamura/Desktop/PortFolio/taskManagementTool/app/helpers/flags_helper.rb": {
        "lines": [
          1,
          null
        ]
      },
      "/Users/ippeinakamura/Desktop/PortFolio/taskManagementTool/app/helpers/projects_helper.rb": {
        "lines": [
          1,
          null
        ]
      },
      "/Users/ippeinakamura/Desktop/PortFolio/taskManagementTool/app/helpers/schedules_helper.rb": {
        "lines": [
          1,
          null
        ]
      },
      "/Users/ippeinakamura/Desktop/PortFolio/taskManagementTool/app/helpers/sessions_helper.rb": {
        "lines": [
          1,
          null
        ]
      },
      "/Users/ippeinakamura/Desktop/PortFolio/taskManagementTool/app/helpers/sub_tasks_helper.rb": {
        "lines": [
          1,
          null
        ]
      },
      "/Users/ippeinakamura/Desktop/PortFolio/taskManagementTool/app/helpers/tasks_helper.rb": {
        "lines": [
          1,
          null
        ]
      },
      "/Users/ippeinakamura/Desktop/PortFolio/taskManagementTool/app/helpers/tops_helper.rb": {
        "lines": [
          1,
          null
        ]
      },
      "/Users/ippeinakamura/Desktop/PortFolio/taskManagementTool/app/helpers/users_helper.rb": {
        "lines": [
          1,
          null
        ]
      },
      "/Users/ippeinakamura/Desktop/PortFolio/taskManagementTool/app/helpers/work_targets_helper.rb": {
        "lines": [
          1,
          null
        ]
      },
      "/Users/ippeinakamura/Desktop/PortFolio/taskManagementTool/app/models/project.rb": {
        "lines": [
          1,
          1,
          1,
          1,
          1,
          null,
          null
        ]
      },
      "/Users/ippeinakamura/Desktop/PortFolio/taskManagementTool/app/models/application_record.rb": {
        "lines": [
          1,
          1,
          null
        ]
      },
      "/Users/ippeinakamura/Desktop/PortFolio/taskManagementTool/app/models/user.rb": {
        "lines": [
          1,
          1,
          1,
          1,
          1,
          1,
          null
        ]
      },
      "/Users/ippeinakamura/Desktop/PortFolio/taskManagementTool/app/models/work_target.rb": {
        "lines": [
          1,
          1,
          1,
          1,
          null,
          null
        ]
      },
      "/Users/ippeinakamura/Desktop/PortFolio/taskManagementTool/app/mailers/application_mailer.rb": {
        "lines": [
          0,
          0,
          0,
          0
        ],
        "branches": {
        }
      },
      "/Users/ippeinakamura/Desktop/PortFolio/taskManagementTool/app/models/work_day.rb": {
        "lines": [
          0,
          0
        ],
        "branches": {
        }
      },
      "/Users/ippeinakamura/Desktop/PortFolio/taskManagementTool/app/models/check_list.rb": {
        "lines": [
          0,
          0
        ],
        "branches": {
        }
      },
      "/Users/ippeinakamura/Desktop/PortFolio/taskManagementTool/app/models/flag.rb": {
        "lines": [
          0,
          0,
          0,
          0
        ],
        "branches": {
        }
      },
      "/Users/ippeinakamura/Desktop/PortFolio/taskManagementTool/app/models/task.rb": {
        "lines": [
          0,
          0,
          0,
          null,
          0
        ],
        "branches": {
        }
      },
      "/Users/ippeinakamura/Desktop/PortFolio/taskManagementTool/app/jobs/application_job.rb": {
        "lines": [
          0,
          null,
          null,
          null,
          null,
          null,
          0
        ],
        "branches": {
        }
      },
      "/Users/ippeinakamura/Desktop/PortFolio/taskManagementTool/app/controllers/application_controller.rb": {
        "lines": [
          0,
          null,
          0,
          0,
          0,
          0,
          0,
          0,
          0
        ],
        "branches": {
        }
      },
      "/Users/ippeinakamura/Desktop/PortFolio/taskManagementTool/app/controllers/flags_controller.rb": {
        "lines": [
          0,
          0,
          0,
          0,
          0,
          0,
          0,
          null,
          0,
          null,
          0,
          0,
          0,
          0,
          0,
          0,
          null,
          0,
          0,
          0,
          null,
          0,
          0,
          null,
          0,
          0,
          null,
          0,
          0,
          null,
          0,
          0,
          null,
          0,
          null,
          0,
          0,
          0,
          0,
          0,
          0,
          0,
          0,
          0,
          0,
          0,
          0,
          null,
          0,
          null,
          0,
          0,
          0,
          0
        ],
        "branches": {
        }
      },
      "/Users/ippeinakamura/Desktop/PortFolio/taskManagementTool/app/controllers/events_controller.rb": {
        "lines": [
          0,
          0,
          0,
          0
        ],
        "branches": {
        }
      },
      "/Users/ippeinakamura/Desktop/PortFolio/taskManagementTool/app/controllers/tasks_controller.rb": {
        "lines": [
          0,
          0,
          null,
          0,
          0,
          0,
          0,
          0,
          0,
          0,
          0,
          0,
          null,
          0,
          0,
          0,
          0,
          0,
          null,
          0,
          0,
          0,
          0,
          0,
          0,
          0,
          0,
          0,
          0,
          0,
          0,
          0,
          0,
          null,
          0,
          0,
          0,
          0,
          0,
          0,
          0,
          0,
          0,
          0,
          0,
          null,
          0,
          0,
          null,
          0,
          0,
          0,
          0,
          0,
          0,
          0,
          0,
          0,
          null,
          null,
          0,
          0,
          0,
          0,
          0,
          0,
          0,
          0,
          0,
          0,
          null,
          null,
          0,
          0,
          0,
          null,
          null,
          0,
          0,
          0,
          null,
          null,
          0,
          0,
          0,
          0,
          0,
          0,
          0,
          null,
          0,
          0,
          0,
          0,
          0,
          0,
          0,
          0,
          0,
          0,
          null,
          0,
          0,
          0,
          null,
          0,
          0,
          0,
          0,
          0,
          0,
          0,
          0,
          0,
          0,
          0,
          0,
          null,
          0,
          0,
          0,
          0,
          0,
          0,
          null,
          0,
          0,
          0,
          0,
          0,
          0,
          0
        ],
        "branches": {
        }
      },
      "/Users/ippeinakamura/Desktop/PortFolio/taskManagementTool/app/controllers/users_controller.rb": {
        "lines": [
          0,
          0,
          0,
          null,
          0,
          0,
          null,
          0,
          0,
          null,
          0,
          0,
          null,
          0,
          0,
          null,
          0,
          0,
          0,
          null,
          0,
          0,
          0
        ],
        "branches": {
        }
      },
      "/Users/ippeinakamura/Desktop/PortFolio/taskManagementTool/app/controllers/tops_controller.rb": {
        "lines": [
          0,
          0,
          0,
          0,
          0,
          0
        ],
        "branches": {
        }
      },
      "/Users/ippeinakamura/Desktop/PortFolio/taskManagementTool/app/controllers/sessions_controller.rb": {
        "lines": [
          0,
          0,
          0,
          0,
          0,
          0,
          0,
          0,
          0,
          0,
          null,
          0,
          0,
          0,
          0,
          0,
          0,
          0,
          0,
          0,
          0
        ],
        "branches": {
        }
      },
      "/Users/ippeinakamura/Desktop/PortFolio/taskManagementTool/app/controllers/work_targets_controller.rb": {
        "lines": [
          0,
          0,
          0,
          0,
          0,
          null,
          null,
          0,
          null,
          0,
          0,
          0,
          0,
          0,
          null,
          0,
          0,
          0,
          0,
          0,
          0,
          0,
          0,
          0,
          0,
          0,
          null,
          0,
          0,
          null,
          0,
          0,
          null,
          0,
          0,
          0,
          0,
          0,
          null,
          0,
          null,
          0,
          0,
          0,
          0,
          null,
          0,
          null,
          0,
          0,
          0,
          null,
          0,
          0,
          0,
          0,
          0
        ],
        "branches": {
        }
      },
      "/Users/ippeinakamura/Desktop/PortFolio/taskManagementTool/app/controllers/apicontroller.rb": {
        "lines": [
          0,
          0
        ],
        "branches": {
        }
      },
      "/Users/ippeinakamura/Desktop/PortFolio/taskManagementTool/app/controllers/api/v1/apitasks_controller.rb": {
        "lines": [
          0,
          0,
          null,
          0,
          0,
          0,
          0,
          0,
          0,
          0,
          0,
          0,
          0,
          null,
          0,
          0,
          0,
          0,
          0
        ],
        "branches": {
        }
      },
      "/Users/ippeinakamura/Desktop/PortFolio/taskManagementTool/app/controllers/schedules_controller.rb": {
        "lines": [
          0,
          0,
          0,
          0,
          0,
          0,
          0,
          0,
          0,
          null,
          null,
          null,
          0,
          0,
          null,
          null,
          null,
          0,
          null,
          0,
          null,
          0,
          null,
          0,
          0,
          0,
          null,
          0,
          0,
          null,
          0,
          0,
          null,
          0,
          0,
          null,
          0,
          0,
          0,
          null,
          0,
          0,
          0,
          0,
          null,
          0,
          0,
          0,
          0,
          0,
          0,
          0,
          0,
          null,
          null,
          0
        ],
        "branches": {
        }
      },
      "/Users/ippeinakamura/Desktop/PortFolio/taskManagementTool/app/controllers/projects_controller.rb": {
        "lines": [
          0,
          0,
          0,
          null,
          0,
          0,
          0,
          null,
          0,
          0,
          0,
          null,
          0,
          0,
          0,
          null,
          0,
          null,
          0,
          0,
          0,
          null,
          0,
          0,
          null,
          0,
          0,
          null,
          0,
          0,
          null,
          0,
          0,
          0,
          0,
          0,
          0,
          0,
          0
        ],
        "branches": {
        }
      },
      "/Users/ippeinakamura/Desktop/PortFolio/taskManagementTool/app/controllers/sub_tasks_controller.rb": {
        "lines": [
          0,
          0,
          0,
          0,
          0,
          0,
          0,
          0,
          0,
          0,
          0,
          0,
          0,
          0,
          null,
          0,
          0,
          0,
          0,
          0,
          null,
          0,
          0,
          0,
          0,
          0,
          0,
          0,
          0,
          0,
          null,
          0,
          0,
          0,
          0,
          0,
          0,
          0,
          0,
          0,
          0,
          0,
          0,
          null,
          0,
          null,
          null,
          0,
          null,
          0,
          0,
          0,
          0,
          0,
          0,
          0,
          null,
          0,
          0,
          0,
          0,
          0,
          0,
          null,
          0,
          0,
          null,
          0,
          0,
          0,
          0,
          0,
          0,
          0,
          0,
          0,
          0,
          0,
          null,
          0,
          0,
          0,
          0
        ],
        "branches": {
        }
      },
      "/Users/ippeinakamura/Desktop/PortFolio/taskManagementTool/app/controllers/concerns/flash_message.rb": {
        "lines": [
          0,
          0,
          0,
          0,
          0,
          0,
          0,
          0,
          0
        ],
        "branches": {
        }
      },
      "/Users/ippeinakamura/Desktop/PortFolio/taskManagementTool/app/channels/application_cable/connection.rb": {
        "lines": [
          0,
          0,
          0,
          0
        ],
        "branches": {
        }
      },
      "/Users/ippeinakamura/Desktop/PortFolio/taskManagementTool/app/channels/application_cable/channel.rb": {
        "lines": [
          0,
          0,
          0,
          0
        ],
        "branches": {
        }
      }
    },
    "timestamp": 1628380721
  }
}
